[?1h=[?25l[H[2J(B[mtop - 10:32:53 up 53 min,  1 user,  load average: 0,64, 0,59, 0,53(B[m[39;49m(B[m[39;49m[K
Tasks:(B[m[39;49m[1m 207 (B[m[39;49mtotal,(B[m[39;49m[1m   1 (B[m[39;49mrunning,(B[m[39;49m[1m 206 (B[m[39;49msleeping,(B[m[39;49m[1m   0 (B[m[39;49mstopped,(B[m[39;49m[1m   0 (B[m[39;49mzombie(B[m[39;49m(B[m[39;49m[K
%Cpu(s):(B[m[39;49m[1m 11,1 (B[m[39;49mus,(B[m[39;49m[1m 11,1 (B[m[39;49msy,(B[m[39;49m[1m  0,0 (B[m[39;49mni,(B[m[39;49m[1m 77,8 (B[m[39;49mid,(B[m[39;49m[1m  0,0 (B[m[39;49mwa,(B[m[39;49m[1m  0,0 (B[m[39;49mhi,(B[m[39;49m[1m  0,0 (B[m[39;49msi,(B[m[39;49m[1m  0,0 (B[m[39;49mst(B[m[39;49m(B[m[39;49m[K
MiB Mem :(B[m[39;49m[1m   1978,4 (B[m[39;49mtotal,(B[m[39;49m[1m    364,9 (B[m[39;49mfree,(B[m[39;49m[1m   1190,0 (B[m[39;49mused,(B[m[39;49m[1m    423,5 (B[m[39;49mbuff/cache(B[m[39;49m(B[m[39;49m[K
MiB Swap:(B[m[39;49m[1m    448,4 (B[m[39;49mtotal,(B[m[39;49m[1m     26,3 (B[m[39;49mfree,(B[m[39;49m[1m    422,2 (B[m[39;49mused.(B[m[39;49m[1m    578,8 (B[m[39;49mavail Mem (B[m[39;49m(B[m[39;49m[K
[K
[7m    PID USER      PR  NI    VIRT    RES    SHR S  %CPU  %MEM     TIME+ COMMAND                                                                                                                             (B[m[39;49m[K
(B[m[1m   3473 pedro     20   0   21584   3884   3200 R   6,2   0,2   0:00.01 top                                                                                                                                 (B[m[39;49m[K
(B[m      1 root      20   0  164452   8000   5120 S   0,0   0,4   0:01.47 systemd                                                                                                                             (B[m[39;49m[K
(B[m      2 root      20   0       0      0      0 S   0,0   0,0   0:00.00 kthreadd                                                                                                                            (B[m[39;49m[K
(B[m      3 root       0 -20       0      0      0 I   0,0   0,0   0:00.00 rcu_gp                                                                                                                              (B[m[39;49m[K
(B[m      4 root       0 -20       0      0      0 I   0,0   0,0   0:00.00 rcu_par_gp                                                                                                                          (B[m[39;49m[K
(B[m      6 root       0 -20       0      0      0 I   0,0   0,0   0:00.00 kworker/0:0H-events_highpri                                                                                                         (B[m[39;49m[K
(B[m      9 root       0 -20       0      0      0 I   0,0   0,0   0:00.00 mm_percpu_wq                                                                                                                        (B[m[39;49m[K
(B[m     10 root      20   0       0      0      0 S   0,0   0,0   0:00.00 rcu_tasks_rude_                                                                                                                     (B[m[39;49m[K
(B[m     11 root      20   0       0      0      0 S   0,0   0,0   0:00.00 rcu_tasks_trace                                                                                                                     (B[m[39;49m[K
(B[m     12 root      20   0       0      0      0 S   0,0   0,0   0:00.27 ksoftirqd/0                                                                                                                         (B[m[39;49m[K
(B[m     13 root      20   0       0      0      0 I   0,0   0,0   0:00.74 rcu_sched                                                                                                                           (B[m[39;49m[K
(B[m     14 root      rt   0       0      0      0 S   0,0   0,0   0:00.03 migration/0                                                                                                                         (B[m[39;49m[K
(B[m     15 root     -51   0       0      0      0 S   0,0   0,0   0:00.00 idle_inject/0                                                                                                                       (B[m[39;49m[K
(B[m     16 root      20   0       0      0      0 S   0,0   0,0   0:00.00 cpuhp/0                                                                                                                             (B[m[39;49m[K
(B[m     17 root      20   0       0      0      0 S   0,0   0,0   0:00.00 kdevtmpfs                                                                                                                           (B[m[39;49m[K
(B[m     18 root       0 -20       0      0      0 I   0,0   0,0   0:00.00 netns                                                                                                                               (B[m[39;49m[K
(B[m     19 root       0 -20       0      0      0 I   0,0   0,0   0:00.00 inet_frag_wq                                                                                                                        (B[m[39;49m[K
(B[m     20 root      20   0       0      0      0 S   0,0   0,0   0:00.00 kauditd                                                                                                                             (B[m[39;49m[K
(B[m     21 root      20   0       0      0      0 S   0,0   0,0   0:00.00 khungtaskd                                                                                                                          (B[m[39;49m[K
(B[m     22 root      20   0       0      0      0 S   0,0   0,0   0:00.00 oom_reaper                                                                                                                          (B[m[39;49m[K
(B[m     23 root       0 -20       0      0      0 I   0,0   0,0   0:00.00 writeback                                                                                                                           (B[m[39;49m[K
(B[m     24 root      20   0       0      0      0 S   0,0   0,0   0:00.27 kcompactd0                                                                                                                          (B[m[39;49m[K
(B[m     25 root      25   5       0      0      0 S   0,0   0,0   0:00.00 ksmd                                                                                                                                (B[m[39;49m[K
(B[m     26 root      39  19       0      0      0 S   0,0   0,0   0:00.00 khugepaged                                                                                                                          (B[m[39;49m[K
(B[m     72 root       0 -20       0      0      0 I   0,0   0,0   0:00.00 kintegrityd                                                                                                                         (B[m[39;49m[K
(B[m     73 root       0 -20       0      0      0 I   0,0   0,0   0:00.00 kblockd                                                                                                                             (B[m[39;49m[K
(B[m     74 root       0 -20       0      0      0 I   0,0   0,0   0:00.00 blkcg_punt_bio                                                                                                                      (B[m[39;49m[K
(B[m     75 root       0 -20       0      0      0 I   0,0   0,0   0:00.00 tpm_dev_wq                                                                                                                          (B[m[39;49m[K
(B[m     76 root       0 -20       0      0      0 I   0,0   0,0   0:00.00 ata_sff                                                                                                                             (B[m[39;49m[K
(B[m     77 root       0 -20       0      0      0 I   0,0   0,0   0:00.00 md                                                                                                                                  (B[m[39;49m[K
(B[m     78 root       0 -20       0      0      0 I   0,0   0,0   0:00.00 edac-poller                                                                                                                         (B[m[39;49m[K
(B[m     79 root       0 -20       0      0      0 I   0,0   0,0   0:00.00 devfreq_wq                                                                                                                          (B[m[39;49m[K
(B[m     80 root     -51   0       0      0      0 S   0,0   0,0   0:00.00 watchdogd                                                                                                                           (B[m[39;49m[K
(B[m     81 root      20   0       0      0      0 I   0,0   0,0   0:00.51 kworker/u2:1-ext4-rsv-conversion                                                                                                    (B[m[39;49m[K
(B[m     82 root       0 -20       0      0      0 I   0,0   0,0   0:00.71 kworker/0:1H-kblockd                                                                                                                (B[m[39;49m[K
(B[m     84 root      20   0       0      0      0 S   0,0   0,0   0:01.36 kswapd0                                                                                                                             (B[m[39;49m[K
(B[m     85 root      20   0       0      0      0 S   0,0   0,0   0:00.00 ecryptfs-kthrea                                                                                                                     (B[m[39;49m[K
(B[m     87 root       0 -20       0      0      0 I   0,0   0,0   0:00.00 kthrotld                                                                                                                            (B[m[39;49m[K
(B[m     88 root       0 -20       0      0      0 I   0,0   0,0   0:00.00 acpi_thermal_pm                                                                                                                     (B[m[39;49m[K
(B[m     89 root      20   0       0      0      0 S   0,0   0,0   0:00.01 scsi_eh_0                                                                                                                           (B[m[39;49m[K
(B[m     90 root       0 -20       0      0      0 I   0,0   0,0   0:00.00 scsi_tmf_0                                                                                                                          (B[m[39;49m[K[?1l>[49;1H
[?12l[?25h[K